<?xml version="1.0" encoding="UTF-8"?>
<testsuite xmlns:xsi="http://www.w3.org/2001/XMLSchema-instance" xsi:noNamespaceSchemaLocation="https://maven.apache.org/surefire/maven-surefire-plugin/xsd/surefire-test-report.xsd" name="com.esg.StringCalculatorTest" time="0.018" tests="2" errors="0" skipped="0" failures="1">
  <properties>
[...]
</properties>
  <testcase name="testAdditionWithEmptyString" classname="com.esg.StringCalculatorTest" time="0.004">
    <failure message="expected:&lt;0&gt; but was:&lt;&gt;" type="java.lang.AssertionError"><![CDATA[java.lang.AssertionError: expected:<0> but was:<>
	at com.esg.StringCalculatorTest.testAdditionWithEmptyString(StringCalculatorTest.java:16)
]]></failure>
  </testcase>
  <testcase name="testAdditionWithOneNumberString" classname="com.esg.StringCalculatorTest" time="0"/>
</testsuite>