<?xml version="1.0" encoding="UTF-8"?>
<testsuite xmlns:xsi="http://www.w3.org/2001/XMLSchema-instance" xsi:noNamespaceSchemaLocation="https://maven.apache.org/surefire/maven-surefire-plugin/xsd/surefire-test-report.xsd" name="com.esg.CsvProcesserTest" time="0.086" tests="4" errors="0" skipped="0" failures="0">
  <properties>
[...]
</properties>
  <testcase name="testParseCsvToJsonWithEmptyCsv" classname="com.esg.CsvProcesserTest" time="0.072"/>
  <testcase name="testParseCsvToJsonWithOneCustomerCsv" classname="com.esg.CsvProcesserTest" time="0.006"/>
  <testcase name="testParseCsvToJsonWithManyCustomersCsv" classname="com.esg.CsvProcesserTest" time="0.003"/>
  <testcase name="testConvertToJson" classname="com.esg.CsvProcesserTest" time="0.001"/>
</testsuite>